<?xml version="1.0" encoding="UTF-8"?>
<!-- Generated by org.testng.reporters.JUnitReportReporter -->
<testsuite hostname="AswinDESKTOP-0PAECQO" failures="0" tests="1" name="com.functional.tests.LoginTest" time="2.019" errors="0" timestamp="2025-03-17T21:20:50 IST" skipped="0">
  <testcase classname="com.functional.tests.LoginTest" name="testLogIn" time="2.019"/>
</testsuite> <!-- com.functional.tests.LoginTest -->
