<?xml version="1.0" encoding="UTF-8"?>
<!-- Generated by org.testng.reporters.JUnitReportReporter -->
<testsuite hostname="AswinDESKTOP-0PAECQO" failures="0" tests="1" name="com.example.qa_assignment.functional_test.LoginTest" time="2.565" errors="0" timestamp="2025-03-15T04:45:34 PDT" skipped="0">
  <testcase classname="com.example.qa_assignment.functional_test.LoginTest" name="testLogIn" time="2.565"/>
</testsuite> <!-- com.example.qa_assignment.functional_test.LoginTest -->
